[debug] [2019-10-19T02:12:47.696Z] ----------------------------------------------------------------------
[debug] [2019-10-19T02:12:47.717Z] Command:       /usr/local/bin/node /sandbox/node_modules/.bin/firebase init
[debug] [2019-10-19T02:12:47.717Z] CLI Version:   7.6.1
[debug] [2019-10-19T02:12:47.717Z] Platform:      linux
[debug] [2019-10-19T02:12:47.717Z] Node Version:  v10.16.0
[debug] [2019-10-19T02:12:47.717Z] Time:          Sat Oct 19 2019 02:12:47 GMT+0000 (Coordinated Universal Time)
[debug] [2019-10-19T02:12:47.717Z] ----------------------------------------------------------------------
[debug] [2019-10-19T02:12:47.717Z] 
[debug] [2019-10-19T02:12:47.721Z] > command requires scopes: ["email","openid","https://www.googleapis.com/auth/cloudplatformprojects.readonly","https://www.googleapis.com/auth/firebase","https://www.googleapis.com/auth/cloud-platform"]
[debug] [2019-10-19T02:12:47.721Z] > authorizing via signed-in user
[info] 
     ######## #### ########  ######## ########     ###     ######  ########
     ##        ##  ##     ## ##       ##     ##  ##   ##  ##       ##
     ######    ##  ########  ######   ########  #########  ######  ######
     ##        ##  ##    ##  ##       ##     ## ##     ##       ## ##
     ##       #### ##     ## ######## ########  ##     ##  ######  ########

You're about to initialize a Firebase project in this directory:

  /sandbox

Before we get started, keep in mind:

  * You are currently outside your home directory

[info] 
=== Project Setup
[info] 
[info] First, let's associate this project directory with a Firebase project.
[info] You can create multiple project aliases by running firebase use --add, 
[info] but for now we'll just set up a default project.
[info] 
[debug] [2019-10-19T02:13:28.168Z] > refreshing access token with scopes: ["email","https://www.googleapis.com/auth/cloud-platform","https://www.googleapis.com/auth/cloudplatformprojects.readonly","https://www.googleapis.com/auth/firebase","openid"]
[debug] [2019-10-19T02:13:28.168Z] >>> HTTP REQUEST POST https://www.googleapis.com/oauth2/v3/token  
 <request body omitted>
[debug] [2019-10-19T02:13:28.281Z] <<< HTTP RESPONSE 200
[debug] [2019-10-19T02:13:28.286Z] >>> HTTP REQUEST GET https://firebase.googleapis.com/v1beta1/projects?pageSize=100  
 
[debug] [2019-10-19T02:13:29.015Z] <<< HTTP RESPONSE 200
[info] i  Using project code-quests (Code Quests)
[info] 
=== Firestore Setup
[debug] [2019-10-19T02:13:45.906Z] > command requires scopes: ["email","openid","https://www.googleapis.com/auth/cloudplatformprojects.readonly","https://www.googleapis.com/auth/firebase","https://www.googleapis.com/auth/cloud-platform"]
[debug] [2019-10-19T02:13:45.906Z] > authorizing via signed-in user
[debug] [2019-10-19T02:13:45.907Z] >>> HTTP REQUEST GET https://firebase.googleapis.com/v1beta1/projects/code-quests  
 
[debug] [2019-10-19T02:13:46.131Z] <<< HTTP RESPONSE 200
[info] 
[info] Firestore Security Rules allow you to define how and when to allow
[info] requests. You can keep these rules in your project directory
[info] and publish them with firebase deploy.
[info] 
[debug] [2019-10-19T02:13:56.367Z] >>> HTTP REQUEST GET https://firebaserules.googleapis.com/v1/projects/code-quests/releases?pageSize=10&pageToken=  
 
[debug] [2019-10-19T02:13:57.338Z] <<< HTTP RESPONSE 200
[debug] [2019-10-19T02:13:57.339Z] Found ruleset: projects/code-quests/rulesets/cd5978c6-b0f5-49a4-ad24-20f11cb828cf
[debug] [2019-10-19T02:13:57.339Z] >>> HTTP REQUEST GET https://firebaserules.googleapis.com/v1/projects/code-quests/rulesets/cd5978c6-b0f5-49a4-ad24-20f11cb828cf  
 
[debug] [2019-10-19T02:13:58.093Z] <<< HTTP RESPONSE 200
[info] 
[info] Firestore indexes allow you to perform complex queries while
[info] maintaining performance that scales with the size of the result
[info] set. You can keep index definitions in your project directory
[info] and publish them with firebase deploy.
[info] 
[debug] [2019-10-19T02:14:03.498Z] >>> HTTP REQUEST GET https://firestore.googleapis.com/v1beta2/projects/code-quests/databases/(default)/collectionGroups/-/indexes  
 
[debug] [2019-10-19T02:14:03.499Z] >>> HTTP REQUEST GET https://firestore.googleapis.com/v1beta2/projects/code-quests/databases/(default)/collectionGroups/-/fields?filter=indexConfig.usesAncestorConfig=false  
 
[debug] [2019-10-19T02:14:03.751Z] <<< HTTP RESPONSE 200
[debug] [2019-10-19T02:14:03.752Z] <<< HTTP RESPONSE 200
[info] 
=== Functions Setup
[info] 
[info] A functions directory will be created in your project with a Node.js
[info] package pre-configured. Functions can be deployed with firebase deploy.
[info] 
[debug] [2019-10-19T02:14:03.753Z] > command requires scopes: ["email","openid","https://www.googleapis.com/auth/cloudplatformprojects.readonly","https://www.googleapis.com/auth/firebase","https://www.googleapis.com/auth/cloud-platform"]
[debug] [2019-10-19T02:14:03.753Z] > authorizing via signed-in user
[debug] [2019-10-19T02:14:03.753Z] >>> HTTP REQUEST GET https://firebase.googleapis.com/v1beta1/projects/code-quests  
 
[debug] [2019-10-19T02:14:03.983Z] <<< HTTP RESPONSE 200
[debug] [2019-10-19T02:14:03.985Z] >>> HTTP REQUEST POST https://serviceusage.googleapis.com/v1/projects/code-quests/services/cloudfunctions.googleapis.com:enable  
 
[debug] [2019-10-19T02:14:03.985Z] >>> HTTP REQUEST POST https://serviceusage.googleapis.com/v1/projects/code-quests/services/runtimeconfig.googleapis.com:enable  
 
[debug] [2019-10-19T02:14:05.400Z] <<< HTTP RESPONSE 200
[debug] [2019-10-19T02:14:05.555Z] <<< HTTP RESPONSE 200
[info] ✔  Wrote functions/package.json
[info] ✔  Wrote functions/.eslintrc.json
[info] ✔  Wrote functions/index.js
[info] ✔  Wrote functions/.gitignore
